<?xml version="1.0" encoding="UTF-8"?>
<!-- Generated by org.testng.reporters.JUnitXMLReporter -->
<testsuite ignored="0" hostname="desktop-pc" failures="0" tests="3" name="Default test" time="35.127" errors="0" timestamp="2025-05-25T23:57:15 EET">
  <testcase classname="secondproject.hellojava" name="autoCompleteTest" time="1.272"/>
  <testcase classname="secondproject.hellojava" name="SelectTag" time="0.155"/>
  <testcase classname="secondproject.hellojava" name="CheckBoxTest" time="0.346"/>
</testsuite> <!-- Default test -->
