<?xml version="1.0" encoding="UTF-8"?>
<testng-results ignored="0" total="3" passed="3" failed="0" skipped="0">
  <reporter-output>
  </reporter-output>
  <suite started-at="2025-05-25T23:56:39 EET" name="Default suite" finished-at="2025-05-25T23:57:15 EET" duration-ms="35127">
    <groups>
    </groups>
    <test started-at="2025-05-25T23:56:39 EET" name="Default test" finished-at="2025-05-25T23:57:15 EET" duration-ms="35127">
      <class name="secondproject.hellojava">
        <test-method is-config="true" signature="mySetup()[pri:0, instance:secondproject.hellojava@101639ae]" started-at="2025-05-25T23:56:39 EET" name="mySetup" finished-at="2025-05-25T23:57:13 EET" duration-ms="33176" status="PASS">
          <reporter-output>
          </reporter-output>
        </test-method> <!-- mySetup -->
        <test-method signature="autoCompleteTest()[pri:1, instance:secondproject.hellojava@101639ae]" started-at="2025-05-25T23:57:13 EET" name="autoCompleteTest" finished-at="2025-05-25T23:57:14 EET" duration-ms="1272" status="PASS">
          <reporter-output>
          </reporter-output>
        </test-method> <!-- autoCompleteTest -->
        <test-method signature="SelectTag()[pri:2, instance:secondproject.hellojava@101639ae]" started-at="2025-05-25T23:57:14 EET" name="SelectTag" finished-at="2025-05-25T23:57:14 EET" duration-ms="155" status="PASS">
          <reporter-output>
          </reporter-output>
        </test-method> <!-- SelectTag -->
        <test-method signature="CheckBoxTest()[pri:3, instance:secondproject.hellojava@101639ae]" started-at="2025-05-25T23:57:14 EET" name="CheckBoxTest" finished-at="2025-05-25T23:57:15 EET" duration-ms="346" status="PASS">
          <reporter-output>
          </reporter-output>
        </test-method> <!-- CheckBoxTest -->
      </class> <!-- secondproject.hellojava -->
    </test> <!-- Default test -->
  </suite> <!-- Default suite -->
</testng-results>
